<?xml version="1.0" encoding="utf-8"?><testsuites><testsuite name="pytest" errors="0" failures="0" skipped="0" tests="9" time="90.833" timestamp="2026-03-07T17:00:59.311906+05:30" hostname="LAPTOP-UGG0FS5D"><testcase classname="tests.test_registration_widget" name="test_on_plot_qc_clicked_no_registered_image_shows_error" time="8.815" /><testcase classname="tests.test_registration_widget" name="test_on_plot_qc_clicked_unchecked_removes_both_layers" time="4.217" /><testcase classname="tests.test_registration_widget" name="test_on_plot_qc_clicked_checked_shows_both_layers_in_order" time="4.137" /><testcase classname="tests.test_registration_widget" name="test_show_intensity_map_success" time="11.422" /><testcase classname="tests.test_registration_widget" name="test_show_intensity_map_no_moving_image" time="4.105" /><testcase classname="tests.test_registration_widget" name="test_show_intensity_map_dimension_mismatch" time="8.110" /><testcase classname="tests.test_registration_widget" name="test_update_intensity_map_layer_updates_existing_layer" time="6.316" /><testcase classname="tests.test_registration_widget" name="test_update_intensity_map_layer_recreates_deleted_layer" time="7.795" /><testcase classname="tests.test_registration_widget" name="test_on_intensity_map_error_unchecks_checkbox" time="4.388" /></testsuite></testsuites>